<?xml version="1.0" encoding="UTF-8"?>
<!-- Generated by org.testng.reporters.JUnitReportReporter -->
<testsuite hostname="M2389920" name="DemoJenkins.DemoJenkinJobs" tests="3" failures="0" timestamp="3 Jan 2017 12:46:02 GMT" time="0.009" errors="0">
  <testcase name="testJenkins1" time="0.009" classname="DemoJenkins.DemoJenkinJobs"/>
  <testcase name="testJenkins2" time="0.000" classname="DemoJenkins.DemoJenkinJobs"/>
  <testcase name="testJenkins3" time="0.000" classname="DemoJenkins.DemoJenkinJobs"/>
</testsuite> <!-- DemoJenkins.DemoJenkinJobs -->
