<?xml version="1.0" encoding="UTF-8"?>
<!-- Generated by org.testng.reporters.JUnitReportReporter -->
<testsuite hostname="M2389920" name="DemoJenkins.DemoJenkinJobs" tests="3" failures="0" timestamp="3 Jan 2017 13:25:41 GMT" time="0.014" errors="0">
  <testcase name="testJenkins1" time="0.012" classname="DemoJenkins.DemoJenkinJobs"/>
  <testcase name="testJenkins2" time="0.001" classname="DemoJenkins.DemoJenkinJobs"/>
  <testcase name="testJenkins3" time="0.001" classname="DemoJenkins.DemoJenkinJobs"/>
</testsuite> <!-- DemoJenkins.DemoJenkinJobs -->
