<?xml version="1.0" encoding="UTF-8"?>
<!-- Generated by org.testng.reporters.JUnitReportReporter -->
<testsuite skipped="0" hostname="M2389920" name="DemoJenkins.DemoJenkinJobs" tests="1" failures="0" timestamp="2 Jan 2017 05:59:03 GMT" time="0.014" errors="0">
  <testcase name="testJenkins" time="0.014" classname="DemoJenkins.DemoJenkinJobs"/>
</testsuite> <!-- DemoJenkins.DemoJenkinJobs -->
